<?xml version="1.0" encoding="UTF-8"?>
<!-- Generated by org.testng.reporters.JUnitReportReporter -->
<testsuite hostname="LAPTOP-17E0T7DF" failures="0" tests="4" name="api.test.UserTest" time="12.927" errors="0" timestamp="2024-02-08T12:11:27 IST" skipped="0">
  <testcase classname="api.test.UserTest" name="testDeleteUser" time="5.833"/>
  <testcase classname="api.test.UserTest" name="testUpdateUser" time="2.879"/>
  <testcase classname="api.test.UserTest" name="testCreateUser" time="2.297"/>
  <testcase classname="api.test.UserTest" name="testGetUser" time="1.918"/>
</testsuite> <!-- api.test.UserTest -->
