<?xml version="1.0" encoding="UTF-8"?>
<!-- Generated by org.testng.reporters.JUnitReportReporter -->
<testsuite hostname="LAPTOP-17E0T7DF" failures="0" tests="10" name="api.test.DataDrivenTest" time="20.209" errors="0" timestamp="2024-02-08T12:36:19 IST" skipped="0">
  <testcase classname="api.test.DataDrivenTest" name="testPostUser" time="4.463"/>
  <testcase classname="api.test.DataDrivenTest" name="testPostUser" time="1.629"/>
  <testcase classname="api.test.DataDrivenTest" name="testPostUser" time="1.682"/>
  <testcase classname="api.test.DataDrivenTest" name="testPostUser" time="1.604"/>
  <testcase classname="api.test.DataDrivenTest" name="testPostUser" time="2.327"/>
  <testcase classname="api.test.DataDrivenTest" name="deleteTest" time="1.785"/>
  <testcase classname="api.test.DataDrivenTest" name="deleteTest" time="1.915"/>
  <testcase classname="api.test.DataDrivenTest" name="deleteTest" time="1.607"/>
  <testcase classname="api.test.DataDrivenTest" name="deleteTest" time="1.592"/>
  <testcase classname="api.test.DataDrivenTest" name="deleteTest" time="1.605"/>
</testsuite> <!-- api.test.DataDrivenTest -->
