<?xml version="1.0" encoding="UTF-8"?>
<!-- Generated by org.testng.reporters.JUnitReportReporter -->
<testsuite hostname="LAPTOP-17E0T7DF" failures="0" tests="10" name="api.test.DataDrivenTest" time="24.703" errors="0" timestamp="2024-02-08T15:34:43 IST" skipped="0">
  <testcase classname="api.test.DataDrivenTest" name="testPostUser" time="1.709"/>
  <testcase classname="api.test.DataDrivenTest" name="testPostUser" time="2.801"/>
  <testcase classname="api.test.DataDrivenTest" name="testPostUser" time="1.712"/>
  <testcase classname="api.test.DataDrivenTest" name="testPostUser" time="2.130"/>
  <testcase classname="api.test.DataDrivenTest" name="testPostUser" time="5.848"/>
  <testcase classname="api.test.DataDrivenTest" name="deleteTest" time="2.616"/>
  <testcase classname="api.test.DataDrivenTest" name="deleteTest" time="2.293"/>
  <testcase classname="api.test.DataDrivenTest" name="deleteTest" time="1.898"/>
  <testcase classname="api.test.DataDrivenTest" name="deleteTest" time="1.948"/>
  <testcase classname="api.test.DataDrivenTest" name="deleteTest" time="1.748"/>
</testsuite> <!-- api.test.DataDrivenTest -->
