<?xml version="1.0" encoding="UTF-8"?>
<!-- Generated by org.testng.reporters.JUnitReportReporter -->
<testsuite hostname="LAPTOP-17E0T7DF" failures="0" tests="4" name="api.test.UserTest" time="9.178" errors="0" timestamp="2024-02-08T15:34:43 IST" skipped="0">
  <testcase classname="api.test.UserTest" name="testDeleteUser" time="2.246"/>
  <testcase classname="api.test.UserTest" name="testUpdateUser" time="2.398"/>
  <testcase classname="api.test.UserTest" name="testCreateUser" time="2.742"/>
  <testcase classname="api.test.UserTest" name="testGetUser" time="1.792"/>
</testsuite> <!-- api.test.UserTest -->
